<?xml version="1.0" encoding="UTF-8"?>
<testsuite xmlns:xsi="http://www.w3.org/2001/XMLSchema-instance" xsi:noNamespaceSchemaLocation="https://maven.apache.org/surefire/maven-surefire-plugin/xsd/surefire-test-report-3.0.xsd" version="3.0" name="Axis.Axis_Spring.repository.ProductRepositoryTest" time="13.435" tests="1" errors="1" skipped="0" failures="0">
  <properties>
[...]
</properties>
  <testcase name="nativeQueryPagingTest" classname="Axis.Axis_Spring.repository.ProductRepositoryTest" time="1.176">
    <error message="JDBC exception executing SQL [SELECT * FROM product WHERE price &gt; ? limit ?,?] [(conn=83) Unknown column &apos;price&apos; in &apos;WHERE&apos;] [n/a]; SQL [n/a]" type="org.springframework.dao.InvalidDataAccessResourceUsageException"><![CDATA[org.springframework.dao.InvalidDataAccessResourceUsageException: JDBC exception executing SQL [SELECT * FROM product WHERE price > ? limit ?,?] [(conn=83) Unknown column 'price' in 'WHERE'] [n/a]; SQL [n/a]
	at org.springframework.orm.jpa.vendor.HibernateJpaDialect.convertHibernateAccessException(HibernateJpaDialect.java:277)
	at org.springframework.orm.jpa.vendor.HibernateJpaDialect.translateExceptionIfPossible(HibernateJpaDialect.java:241)
	at org.springframework.orm.jpa.AbstractEntityManagerFactoryBean.translateExceptionIfPossible(AbstractEntityManagerFactoryBean.java:550)
	at org.springframework.dao.support.ChainedPersistenceExceptionTranslator.translateExceptionIfPossible(ChainedPersistenceExceptionTranslator.java:61)
	at org.springframework.dao.support.DataAccessUtils.translateIfNecessary(DataAccessUtils.java:335)
	at org.springframework.dao.support.PersistenceExceptionTranslationInterceptor.invoke(PersistenceExceptionTranslationInterceptor.java:160)
	at org.springframework.aop.framework.ReflectiveMethodInvocation.proceed(ReflectiveMethodInvocation.java:184)
	at org.springframework.data.jpa.repository.support.CrudMethodMetadataPostProcessor$CrudMethodMetadataPopulatingMethodInterceptor.invoke(CrudMethodMetadataPostProcessor.java:135)
	at org.springframework.aop.framework.ReflectiveMethodInvocation.proceed(ReflectiveMethodInvocation.java:184)
	at org.springframework.aop.interceptor.ExposeInvocationInterceptor.invoke(ExposeInvocationInterceptor.java:97)
	at org.springframework.aop.framework.ReflectiveMethodInvocation.proceed(ReflectiveMethodInvocation.java:184)
	at org.springframework.aop.framework.JdkDynamicAopProxy.invoke(JdkDynamicAopProxy.java:223)
	at jdk.proxy2/jdk.proxy2.$Proxy179.findByPriceWithParameterPaging(Unknown Source)
	at Axis.Axis_Spring.repository.ProductRepositoryTest.nativeQueryPagingTest(ProductRepositoryTest.java:384)
	at java.base/java.lang.reflect.Method.invoke(Method.java:580)
	at java.base/java.util.ArrayList.forEach(ArrayList.java:1596)
	at java.base/java.util.ArrayList.forEach(ArrayList.java:1596)
Caused by: org.hibernate.exception.SQLGrammarException: JDBC exception executing SQL [SELECT * FROM product WHERE price > ? limit ?,?] [(conn=83) Unknown column 'price' in 'WHERE'] [n/a]
	at org.hibernate.exception.internal.SQLExceptionTypeDelegate.convert(SQLExceptionTypeDelegate.java:66)
	at org.hibernate.exception.internal.StandardSQLExceptionConverter.convert(StandardSQLExceptionConverter.java:58)
	at org.hibernate.engine.jdbc.spi.SqlExceptionHelper.convert(SqlExceptionHelper.java:108)
	at org.hibernate.engine.jdbc.spi.SqlExceptionHelper.convert(SqlExceptionHelper.java:94)
	at org.hibernate.sql.results.jdbc.internal.DeferredResultSetAccess.executeQuery(DeferredResultSetAccess.java:264)
	at org.hibernate.sql.results.jdbc.internal.DeferredResultSetAccess.getResultSet(DeferredResultSetAccess.java:167)
	at org.hibernate.sql.results.jdbc.internal.AbstractResultSetAccess.getMetaData(AbstractResultSetAccess.java:36)
	at org.hibernate.sql.results.jdbc.internal.AbstractResultSetAccess.getColumnCount(AbstractResultSetAccess.java:52)
	at org.hibernate.query.results.ResultSetMappingImpl.resolve(ResultSetMappingImpl.java:193)
	at org.hibernate.sql.exec.internal.JdbcSelectExecutorStandardImpl.resolveJdbcValuesSource(JdbcSelectExecutorStandardImpl.java:325)
	at org.hibernate.sql.exec.internal.JdbcSelectExecutorStandardImpl.doExecuteQuery(JdbcSelectExecutorStandardImpl.java:115)
	at org.hibernate.sql.exec.internal.JdbcSelectExecutorStandardImpl.executeQuery(JdbcSelectExecutorStandardImpl.java:83)
	at org.hibernate.sql.exec.spi.JdbcSelectExecutor.list(JdbcSelectExecutor.java:76)
	at org.hibernate.sql.exec.spi.JdbcSelectExecutor.list(JdbcSelectExecutor.java:65)
	at org.hibernate.query.sql.internal.NativeSelectQueryPlanImpl.performList(NativeSelectQueryPlanImpl.java:138)
	at org.hibernate.query.sql.internal.NativeQueryImpl.doList(NativeQueryImpl.java:621)
	at org.hibernate.query.spi.AbstractSelectionQuery.list(AbstractSelectionQuery.java:427)
	at org.hibernate.query.Query.getResultList(Query.java:120)
	at java.base/jdk.internal.reflect.DirectMethodHandleAccessor.invoke(DirectMethodHandleAccessor.java:103)
	at java.base/java.lang.reflect.Method.invoke(Method.java:580)
	at org.springframework.orm.jpa.SharedEntityManagerCreator$DeferredQueryInvocationHandler.invoke(SharedEntityManagerCreator.java:418)
	at jdk.proxy2/jdk.proxy2.$Proxy229.getResultList(Unknown Source)
	at org.springframework.data.jpa.repository.query.JpaQueryExecution$CollectionExecution.doExecute(JpaQueryExecution.java:129)
	at org.springframework.data.jpa.repository.query.JpaQueryExecution.execute(JpaQueryExecution.java:92)
	at org.springframework.data.jpa.repository.query.AbstractJpaQuery.doExecute(AbstractJpaQuery.java:149)
	at org.springframework.data.jpa.repository.query.AbstractJpaQuery.execute(AbstractJpaQuery.java:137)
	at org.springframework.data.repository.core.support.RepositoryMethodInvoker.doInvoke(RepositoryMethodInvoker.java:170)
	at org.springframework.data.repository.core.support.RepositoryMethodInvoker.invoke(RepositoryMethodInvoker.java:158)
	at org.springframework.data.repository.core.support.QueryExecutorMethodInterceptor.doInvoke(QueryExecutorMethodInterceptor.java:164)
	at org.springframework.data.repository.core.support.QueryExecutorMethodInterceptor.invoke(QueryExecutorMethodInterceptor.java:143)
	at org.springframework.aop.framework.ReflectiveMethodInvocation.proceed(ReflectiveMethodInvocation.java:184)
	at org.springframework.data.projection.DefaultMethodInvokingMethodInterceptor.invoke(DefaultMethodInvokingMethodInterceptor.java:70)
	at org.springframework.aop.framework.ReflectiveMethodInvocation.proceed(ReflectiveMethodInvocation.java:184)
	at org.springframework.transaction.interceptor.TransactionAspectSupport.invokeWithinTransaction(TransactionAspectSupport.java:379)
	at org.springframework.transaction.interceptor.TransactionInterceptor.invoke(TransactionInterceptor.java:119)
	at org.springframework.aop.framework.ReflectiveMethodInvocation.proceed(ReflectiveMethodInvocation.java:184)
	at org.springframework.dao.support.PersistenceExceptionTranslationInterceptor.invoke(PersistenceExceptionTranslationInterceptor.java:138)
	... 11 more
Caused by: java.sql.SQLSyntaxErrorException: (conn=83) Unknown column 'price' in 'WHERE'
	at org.mariadb.jdbc.export.ExceptionFactory.createException(ExceptionFactory.java:289)
	at org.mariadb.jdbc.export.ExceptionFactory.create(ExceptionFactory.java:378)
	at org.mariadb.jdbc.message.ClientMessage.readPacket(ClientMessage.java:172)
	at org.mariadb.jdbc.client.impl.StandardClient.readPacket(StandardClient.java:915)
	at org.mariadb.jdbc.client.impl.StandardClient.readResults(StandardClient.java:854)
	at org.mariadb.jdbc.client.impl.StandardClient.readResponse(StandardClient.java:773)
	at org.mariadb.jdbc.client.impl.StandardClient.execute(StandardClient.java:697)
	at org.mariadb.jdbc.ClientPreparedStatement.executeInternal(ClientPreparedStatement.java:93)
	at org.mariadb.jdbc.ClientPreparedStatement.executeQuery(ClientPreparedStatement.java:296)
	at com.zaxxer.hikari.pool.ProxyPreparedStatement.executeQuery(ProxyPreparedStatement.java:52)
	at com.zaxxer.hikari.pool.HikariProxyPreparedStatement.executeQuery(HikariProxyPreparedStatement.java)
	at org.hibernate.sql.results.jdbc.internal.DeferredResultSetAccess.executeQuery(DeferredResultSetAccess.java:246)
	... 43 more
]]></error>
    <system-out><![CDATA[22:03:13.973 [main] INFO org.springframework.test.context.support.AnnotationConfigContextLoaderUtils -- Could not detect default configuration classes for test class [Axis.Axis_Spring.repository.ProductRepositoryTest]: ProductRepositoryTest does not declare any static, non-private, non-final, nested classes annotated with @Configuration.
22:03:14.248 [main] INFO org.springframework.boot.test.context.SpringBootTestContextBootstrapper -- Found @SpringBootConfiguration Axis.Axis_Spring.AxisSpringApplication for test class Axis.Axis_Spring.repository.ProductRepositoryTest
22:03:13,674 |-INFO in ch.qos.logback.classic.LoggerContext[default] - This is logback-classic version 1.4.14
22:03:13,678 |-INFO in ch.qos.logback.classic.util.ContextInitializer@5bec3e0 - Here is a list of configurators discovered as a service, by rank: 
22:03:13,678 |-INFO in ch.qos.logback.classic.util.ContextInitializer@5bec3e0 -   org.springframework.boot.logging.logback.RootLogLevelConfigurator
22:03:13,678 |-INFO in ch.qos.logback.classic.util.ContextInitializer@5bec3e0 - They will be invoked in order until ExecutionStatus.DO_NOT_INVOKE_NEXT_IF_ANY is returned.
22:03:13,678 |-INFO in ch.qos.logback.classic.util.ContextInitializer@5bec3e0 - Constructed configurator of type class org.springframework.boot.logging.logback.RootLogLevelConfigurator
22:03:13,687 |-INFO in ch.qos.logback.classic.util.ContextInitializer@5bec3e0 - org.springframework.boot.logging.logback.RootLogLevelConfigurator.configure() call lasted 0 milliseconds. ExecutionStatus=INVOKE_NEXT_IF_ANY
22:03:13,687 |-INFO in ch.qos.logback.classic.util.ContextInitializer@5bec3e0 - Trying to configure with ch.qos.logback.classic.joran.SerializedModelConfigurator
22:03:13,689 |-INFO in ch.qos.logback.classic.util.ContextInitializer@5bec3e0 - Constructed configurator of type class ch.qos.logback.classic.joran.SerializedModelConfigurator
22:03:13,692 |-INFO in ch.qos.logback.classic.LoggerContext[default] - Could NOT find resource [logback-test.scmo]
22:03:13,692 |-INFO in ch.qos.logback.classic.LoggerContext[default] - Could NOT find resource [logback.scmo]
22:03:13,692 |-INFO in ch.qos.logback.classic.util.ContextInitializer@5bec3e0 - ch.qos.logback.classic.joran.SerializedModelConfigurator.configure() call lasted 3 milliseconds. ExecutionStatus=INVOKE_NEXT_IF_ANY
22:03:13,692 |-INFO in ch.qos.logback.classic.util.ContextInitializer@5bec3e0 - Trying to configure with ch.qos.logback.classic.util.DefaultJoranConfigurator
22:03:13,694 |-INFO in ch.qos.logback.classic.util.ContextInitializer@5bec3e0 - Constructed configurator of type class ch.qos.logback.classic.util.DefaultJoranConfigurator
22:03:13,694 |-INFO in ch.qos.logback.classic.LoggerContext[default] - Could NOT find resource [logback-test.xml]
22:03:13,695 |-INFO in ch.qos.logback.classic.LoggerContext[default] - Could NOT find resource [logback.xml]
22:03:13,695 |-INFO in ch.qos.logback.classic.util.ContextInitializer@5bec3e0 - ch.qos.logback.classic.util.DefaultJoranConfigurator.configure() call lasted 1 milliseconds. ExecutionStatus=INVOKE_NEXT_IF_ANY
22:03:13,695 |-INFO in ch.qos.logback.classic.util.ContextInitializer@5bec3e0 - Trying to configure with ch.qos.logback.classic.BasicConfigurator
22:03:13,697 |-INFO in ch.qos.logback.classic.util.ContextInitializer@5bec3e0 - Constructed configurator of type class ch.qos.logback.classic.BasicConfigurator
22:03:13,697 |-INFO in ch.qos.logback.classic.BasicConfigurator@3b57dba4 - Setting up default configuration.
22:03:13,745 |-INFO in ch.qos.logback.classic.util.ContextInitializer@5bec3e0 - ch.qos.logback.classic.BasicConfigurator.configure() call lasted 48 milliseconds. ExecutionStatus=NEUTRAL
22:03:15,027 |-INFO in ch.qos.logback.classic.model.processor.ConfigurationModelHandlerFull - Registering a new ReconfigureOnChangeTask ReconfigureOnChangeTask(born:1749387795026)
22:03:15,027 |-INFO in ch.qos.logback.classic.model.processor.ConfigurationModelHandlerFull - Will scan for changes in [file:/Users/axis/MacBookStore/ComStudy/Spring/AxisSpring-V1/target/classes/logback-spring.xml] 
22:03:15,027 |-INFO in ch.qos.logback.classic.model.processor.ConfigurationModelHandlerFull - Setting ReconfigureOnChangeTask scanning period to 30 seconds
22:03:15,034 |-INFO in ch.qos.logback.core.model.processor.AppenderModelHandler - Processing appender named [console]
22:03:15,034 |-INFO in ch.qos.logback.core.model.processor.AppenderModelHandler - About to instantiate appender of type [ch.qos.logback.core.ConsoleAppender]
22:03:15,046 |-INFO in ch.qos.logback.core.model.processor.ImplicitModelHandler - Assuming default type [ch.qos.logback.classic.encoder.PatternLayoutEncoder] for [encoder] property
22:03:15,081 |-WARN in ch.qos.logback.core.model.processor.AppenderModelHandler - Appender named [DEBUG_LOG] not referenced. Skipping further processing.
22:03:15,081 |-WARN in ch.qos.logback.core.model.processor.AppenderModelHandler - Appender named [INFO_LOG] not referenced. Skipping further processing.
22:03:15,082 |-INFO in ch.qos.logback.classic.model.processor.RootLoggerModelHandler - Setting level of ROOT logger to INFO
22:03:15,082 |-INFO in ch.qos.logback.classic.jul.LevelChangePropagator@35f7969d - Propagating INFO level on Logger[ROOT] onto the JUL framework
22:03:15,083 |-INFO in ch.qos.logback.core.model.processor.AppenderRefModelHandler - Attaching appender named [console] to Logger[ROOT]
22:03:15,083 |-INFO in ch.qos.logback.core.model.processor.DefaultProcessor@3404e5c4 - End of configuration.
22:03:15,083 |-INFO in org.springframework.boot.logging.logback.SpringBootJoranConfigurator@47569167 - Registering current configuration as safe fallback point


  .   ____          _            __ _ _
 /\\ / ___'_ __ _ _(_)_ __  __ _ \ \ \ \
( ( )\___ | '_ | '_| | '_ \/ _` | \ \ \ \
 \\/  ___)| |_)| | | | | || (_| |  ) ) ) )
  '  |____| .__|_| |_|_| |_\__, | / / / /
 =========|_|==============|___/=/_/_/_/
&amp#27;[32m :: Spring Boot :: &amp#27;[39m              &amp#27;[2m (v3.2.8)&amp#27;[0;39m

&amp#27;[32m[2025-06-08 22:03:15.162]&amp#27;[0;39m &amp#27;[35m[INFO ]&amp#27;[0;39m &amp#27;[34m[background-preinit]&amp#27;[0;39m &amp#27;[36mo.h.v.internal.util.Version&amp#27;[0;39m &amp#27;[33mHV000001: Hibernate Validator 8.0.1.Final
&amp#27;[0;39m&amp#27;[32m[2025-06-08 22:03:15.270]&amp#27;[0;39m &amp#27;[35m[INFO ]&amp#27;[0;39m &amp#27;[34m[main]&amp#27;[0;39m &amp#27;[36mA.A.r.ProductRepositoryTest&amp#27;[0;39m &amp#27;[33mStarting ProductRepositoryTest using Java 21.0.6 with PID 32337 (started by axis in /Users/axis/MacBookStore/ComStudy/Spring/AxisSpring-V1)
&amp#27;[0;39m&amp#27;[32m[2025-06-08 22:03:15.272]&amp#27;[0;39m &amp#27;[35m[INFO ]&amp#27;[0;39m &amp#27;[34m[main]&amp#27;[0;39m &amp#27;[36mA.A.r.ProductRepositoryTest&amp#27;[0;39m &amp#27;[33mNo active profile set, falling back to 1 default profile: "default"
&amp#27;[0;39m&amp#27;[32m[2025-06-08 22:03:16.526]&amp#27;[0;39m &amp#27;[35m[INFO ]&amp#27;[0;39m &amp#27;[34m[main]&amp#27;[0;39m &amp#27;[36mo.s.d.r.c.RepositoryConfigurationDelegate&amp#27;[0;39m &amp#27;[33mMultiple Spring Data modules found, entering strict repository configuration mode
&amp#27;[0;39m&amp#27;[32m[2025-06-08 22:03:16.527]&amp#27;[0;39m &amp#27;[35m[INFO ]&amp#27;[0;39m &amp#27;[34m[main]&amp#27;[0;39m &amp#27;[36mo.s.d.r.c.RepositoryConfigurationDelegate&amp#27;[0;39m &amp#27;[33mBootstrapping Spring Data Redis repositories in DEFAULT mode.
&amp#27;[0;39m&amp#27;[32m[2025-06-08 22:03:16.589]&amp#27;[0;39m &amp#27;[35m[INFO ]&amp#27;[0;39m &amp#27;[34m[main]&amp#27;[0;39m &amp#27;[36mo.s.d.r.c.RepositoryConfigurationExtensionSupport&amp#27;[0;39m &amp#27;[33mSpring Data Redis - Could not safely identify store assignment for repository candidate interface Axis.Axis_Spring.data.repository.ListenerRepository; If you want this repository to be a Redis repository, consider annotating your entities with one of these annotations: org.springframework.data.redis.core.RedisHash (preferred), or consider extending one of the following types with your repository: org.springframework.data.keyvalue.repository.KeyValueRepository
&amp#27;[0;39m&amp#27;[32m[2025-06-08 22:03:16.593]&amp#27;[0;39m &amp#27;[35m[INFO ]&amp#27;[0;39m &amp#27;[34m[main]&amp#27;[0;39m &amp#27;[36mo.s.d.r.c.RepositoryConfigurationExtensionSupport&amp#27;[0;39m &amp#27;[33mSpring Data Redis - Could not safely identify store assignment for repository candidate interface Axis.Axis_Spring.data.repository.ProductRepository; If you want this repository to be a Redis repository, consider annotating your entities with one of these annotations: org.springframework.data.redis.core.RedisHash (preferred), or consider extending one of the following types with your repository: org.springframework.data.keyvalue.repository.KeyValueRepository
&amp#27;[0;39m&amp#27;[32m[2025-06-08 22:03:16.804]&amp#27;[0;39m &amp#27;[35m[INFO ]&amp#27;[0;39m &amp#27;[34m[main]&amp#27;[0;39m &amp#27;[36mo.s.d.r.c.RepositoryConfigurationExtensionSupport&amp#27;[0;39m &amp#27;[33mSpring Data Redis - Could not safely identify store assignment for repository candidate interface Axis.Axis_Spring.data.repository.ShortUrlRepository; If you want this repository to be a Redis repository, consider annotating your entities with one of these annotations: org.springframework.data.redis.core.RedisHash (preferred), or consider extending one of the following types with your repository: org.springframework.data.keyvalue.repository.KeyValueRepository
&amp#27;[0;39m&amp#27;[32m[2025-06-08 22:03:16.830]&amp#27;[0;39m &amp#27;[35m[INFO ]&amp#27;[0;39m &amp#27;[34m[main]&amp#27;[0;39m &amp#27;[36mo.s.d.r.c.RepositoryConfigurationDelegate&amp#27;[0;39m &amp#27;[33mFinished Spring Data repository scanning in 271 ms. Found 1 Redis repository interface.
&amp#27;[0;39m&amp#27;[32m[2025-06-08 22:03:17.603]&amp#27;[0;39m &amp#27;[35m[INFO ]&amp#27;[0;39m &amp#27;[34m[main]&amp#27;[0;39m &amp#27;[36mo.s.d.r.c.RepositoryConfigurationDelegate&amp#27;[0;39m &amp#27;[33mMultiple Spring Data modules found, entering strict repository configuration mode
&amp#27;[0;39m&amp#27;[32m[2025-06-08 22:03:17.606]&amp#27;[0;39m &amp#27;[35m[INFO ]&amp#27;[0;39m &amp#27;[34m[main]&amp#27;[0;39m &amp#27;[36mo.s.d.r.c.RepositoryConfigurationDelegate&amp#27;[0;39m &amp#27;[33mBootstrapping Spring Data JPA repositories in DEFAULT mode.
&amp#27;[0;39m&amp#27;[32m[2025-06-08 22:03:17.638]&amp#27;[0;39m &amp#27;[35m[INFO ]&amp#27;[0;39m &amp#27;[34m[main]&amp#27;[0;39m &amp#27;[36mo.s.d.r.c.RepositoryConfigurationExtensionSupport&amp#27;[0;39m &amp#27;[33mSpring Data JPA - Could not safely identify store assignment for repository candidate interface Axis.Axis_Spring.data.repository.ShortUrlRedisRepository; If you want this repository to be a JPA repository, consider annotating your entities with one of these annotations: jakarta.persistence.Entity, jakarta.persistence.MappedSuperclass (preferred), or consider extending one of the following types with your repository: org.springframework.data.jpa.repository.JpaRepository
&amp#27;[0;39m&amp#27;[32m[2025-06-08 22:03:17.647]&amp#27;[0;39m &amp#27;[35m[INFO ]&amp#27;[0;39m &amp#27;[34m[main]&amp#27;[0;39m &amp#27;[36mo.s.d.r.c.RepositoryConfigurationDelegate&amp#27;[0;39m &amp#27;[33mFinished Spring Data repository scanning in 36 ms. Found 3 JPA repository interfaces.
&amp#27;[0;39m&amp#27;[32m[2025-06-08 22:03:18.933]&amp#27;[0;39m &amp#27;[35m[INFO ]&amp#27;[0;39m &amp#27;[34m[main]&amp#27;[0;39m &amp#27;[36mo.h.j.internal.util.LogHelper&amp#27;[0;39m &amp#27;[33mHHH000204: Processing PersistenceUnitInfo [name: default]
&amp#27;[0;39m&amp#27;[32m[2025-06-08 22:03:19.051]&amp#27;[0;39m &amp#27;[35m[INFO ]&amp#27;[0;39m &amp#27;[34m[main]&amp#27;[0;39m &amp#27;[36morg.hibernate.Version&amp#27;[0;39m &amp#27;[33mHHH000412: Hibernate ORM core version 6.4.9.Final
&amp#27;[0;39m&amp#27;[32m[2025-06-08 22:03:19.142]&amp#27;[0;39m &amp#27;[35m[INFO ]&amp#27;[0;39m &amp#27;[34m[main]&amp#27;[0;39m &amp#27;[36mo.h.c.i.RegionFactoryInitiator&amp#27;[0;39m &amp#27;[33mHHH000026: Second-level cache disabled
&amp#27;[0;39m&amp#27;[32m[2025-06-08 22:03:19.607]&amp#27;[0;39m &amp#27;[35m[INFO ]&amp#27;[0;39m &amp#27;[34m[main]&amp#27;[0;39m &amp#27;[36mo.s.o.j.p.SpringPersistenceUnitInfo&amp#27;[0;39m &amp#27;[33mNo LoadTimeWeaver setup: ignoring JPA class transformer
&amp#27;[0;39m&amp#27;[32m[2025-06-08 22:03:19.657]&amp#27;[0;39m &amp#27;[35m[INFO ]&amp#27;[0;39m &amp#27;[34m[main]&amp#27;[0;39m &amp#27;[36mc.z.hikari.HikariDataSource&amp#27;[0;39m &amp#27;[33mHikariPool-1 - Starting...
&amp#27;[0;39m&amp#27;[32m[2025-06-08 22:03:19.869]&amp#27;[0;39m &amp#27;[35m[INFO ]&amp#27;[0;39m &amp#27;[34m[main]&amp#27;[0;39m &amp#27;[36mc.z.hikari.pool.HikariPool&amp#27;[0;39m &amp#27;[33mHikariPool-1 - Added connection org.mariadb.jdbc.Connection@288cca9
&amp#27;[0;39m&amp#27;[32m[2025-06-08 22:03:19.873]&amp#27;[0;39m &amp#27;[35m[INFO ]&amp#27;[0;39m &amp#27;[34m[main]&amp#27;[0;39m &amp#27;[36mc.z.hikari.HikariDataSource&amp#27;[0;39m &amp#27;[33mHikariPool-1 - Start completed.
&amp#27;[0;39m&amp#27;[32m[2025-06-08 22:03:21.676]&amp#27;[0;39m &amp#27;[35m[INFO ]&amp#27;[0;39m &amp#27;[34m[main]&amp#27;[0;39m &amp#27;[36mo.h.e.t.j.p.i.JtaPlatformInitiator&amp#27;[0;39m &amp#27;[33mHHH000489: No JTA platform available (set 'hibernate.transaction.jta.platform' to enable JTA platform integration)
&amp#27;[0;39m&amp#27;[32m[2025-06-08 22:03:21.791]&amp#27;[0;39m &amp#27;[35m[INFO ]&amp#27;[0;39m &amp#27;[34m[main]&amp#27;[0;39m &amp#27;[36mo.s.o.j.LocalContainerEntityManagerFactoryBean&amp#27;[0;39m &amp#27;[33mInitialized JPA EntityManagerFactory for persistence unit 'default'
&amp#27;[0;39m&amp#27;[32m[2025-06-08 22:03:22.490]&amp#27;[0;39m &amp#27;[35m[INFO ]&amp#27;[0;39m &amp#27;[34m[main]&amp#27;[0;39m &amp#27;[36mo.s.d.j.r.q.QueryEnhancerFactory&amp#27;[0;39m &amp#27;[33mHibernate is in classpath; If applicable, HQL parser will be used.
&amp#27;[0;39m&amp#27;[32m[2025-06-08 22:03:24.245]&amp#27;[0;39m &amp#27;[35m[WARN ]&amp#27;[0;39m &amp#27;[31m[main]&amp#27;[0;39m &amp#27;[36mo.s.b.a.o.j.JpaBaseConfiguration$JpaWebConfiguration&amp#27;[0;39m &amp#27;[33mspring.jpa.open-in-view is enabled by default. Therefore, database queries may be performed during view rendering. Explicitly configure spring.jpa.open-in-view to disable this warning
&amp#27;[0;39m&amp#27;[32m[2025-06-08 22:03:24.846]&amp#27;[0;39m &amp#27;[35m[WARN ]&amp#27;[0;39m &amp#27;[31m[main]&amp#27;[0;39m &amp#27;[36mo.s.b.a.t.ThymeleafAutoConfiguration$DefaultTemplateResolverConfiguration&amp#27;[0;39m &amp#27;[33mCannot find template location: classpath:/templates/ (please add some templates, check your Thymeleaf configuration, or set spring.thymeleaf.check-template-location=false)
&amp#27;[0;39m&amp#27;[32m[2025-06-08 22:03:25.605]&amp#27;[0;39m &amp#27;[35m[INFO ]&amp#27;[0;39m &amp#27;[34m[main]&amp#27;[0;39m &amp#27;[36mo.s.b.a.e.w.EndpointLinksResolver&amp#27;[0;39m &amp#27;[33mExposing 1 endpoint(s) beneath base path '/actuator'
&amp#27;[0;39m&amp#27;[32m[2025-06-08 22:03:25.694]&amp#27;[0;39m &amp#27;[35m[INFO ]&amp#27;[0;39m &amp#27;[34m[main]&amp#27;[0;39m &amp#27;[36mA.A.r.ProductRepositoryTest&amp#27;[0;39m &amp#27;[33mStarted ProductRepositoryTest in 11.088 seconds (process running for 13.201)
&amp#27;[0;39mHibernate: select pe1_0.product_id,pe1_0.created_at,pe1_0.product_name,pe1_0.product_price,pe1_0.product_stock,pe1_0.updated_at from product pe1_0 where pe1_0.product_id=?
Hibernate: select pe1_0.product_id,pe1_0.created_at,pe1_0.product_name,pe1_0.product_price,pe1_0.product_stock,pe1_0.updated_at from product pe1_0 where pe1_0.product_id=?
Hibernate: update product set product_name=?,product_price=?,product_stock=?,updated_at=? where product_id=?
Hibernate: select pe1_0.product_id,pe1_0.created_at,pe1_0.product_name,pe1_0.product_price,pe1_0.product_stock,pe1_0.updated_at from product pe1_0 where pe1_0.product_id=?
Hibernate: update product set product_name=?,product_price=?,product_stock=?,updated_at=? where product_id=?
Hibernate: select pe1_0.product_id,pe1_0.created_at,pe1_0.product_name,pe1_0.product_price,pe1_0.product_stock,pe1_0.updated_at from product pe1_0 where pe1_0.product_id=?
Hibernate: select pe1_0.product_id,pe1_0.created_at,pe1_0.product_name,pe1_0.product_price,pe1_0.product_stock,pe1_0.updated_at from product pe1_0 where pe1_0.product_id=?
Hibernate: select pe1_0.product_id,pe1_0.created_at,pe1_0.product_name,pe1_0.product_price,pe1_0.product_stock,pe1_0.updated_at from product pe1_0 where pe1_0.product_id=?
Hibernate: select pe1_0.product_id,pe1_0.created_at,pe1_0.product_name,pe1_0.product_price,pe1_0.product_stock,pe1_0.updated_at from product pe1_0 where pe1_0.product_id=?
Hibernate: select pe1_0.product_id,pe1_0.created_at,pe1_0.product_name,pe1_0.product_price,pe1_0.product_stock,pe1_0.updated_at from product pe1_0 where pe1_0.product_id=?
Hibernate: select pe1_0.product_id,pe1_0.created_at,pe1_0.product_name,pe1_0.product_price,pe1_0.product_stock,pe1_0.updated_at from product pe1_0 where pe1_0.product_id=?
Hibernate: select pe1_0.product_id,pe1_0.created_at,pe1_0.product_name,pe1_0.product_price,pe1_0.product_stock,pe1_0.updated_at from product pe1_0 where pe1_0.product_id=?
Hibernate: select pe1_0.product_id,pe1_0.created_at,pe1_0.product_name,pe1_0.product_price,pe1_0.product_stock,pe1_0.updated_at from product pe1_0
====↓↓ Test Data ↓↓====
ProductEntity(productId=1, productName=상품1, productPrice=2000, productStock=3000)
ProductEntity(productId=10, productName=상품10, productPrice=5100, productStock=1700)
ProductEntity(productId=101, productName=상품123, productPrice=2500, productStock=5000)
ProductEntity(productId=102, productName=상품123, productPrice=3500, productStock=5000)
ProductEntity(productId=103, productName=상품123, productPrice=4500, productStock=5000)
ProductEntity(productId=104, productName=상품123, productPrice=1000, productStock=5000)
ProductEntity(productId=105, productName=상품123, productPrice=2000, productStock=5000)
ProductEntity(productId=106, productName=상품123, productPrice=3000, productStock=5000)
ProductEntity(productId=107, productName=상품123, productPrice=4000, productStock=5000)
ProductEntity(productId=109, productName=상품123, productPrice=1500, productStock=5000)
ProductEntity(productId=2, productName=상품4, productPrice=1500, productStock=200)
ProductEntity(productId=4, productName=상품4, productPrice=4000, productStock=3000)
ProductEntity(productId=5, productName=상품5, productPrice=10000, productStock=1500)
ProductEntity(productId=6, productName=상품6, productPrice=10000, productStock=1000)
ProductEntity(productId=7, productName=상품7, productPrice=500, productStock=10000)
ProductEntity(productId=8, productName=상품8, productPrice=8500, productStock=3500)
ProductEntity(productId=9, productName=상품9, productPrice=1000, productStock=2000)
ProductEntity(productId=string, productName=string, productPrice=30000, productStock=9999)
ProductEntity(productId=testProductEntity, productName=testP, productPrice=1000, productStock=500)
ProductEntity(productId=테스트, productName=테스트 상품, productPrice=30000, productStock=9999)
====↑↑ Test Data ↑↑====
Hibernate: SELECT * FROM product WHERE price > ? limit ?,?
&amp#27;[32m[2025-06-08 22:03:26.864]&amp#27;[0;39m &amp#27;[35m[WARN ]&amp#27;[0;39m &amp#27;[31m[main]&amp#27;[0;39m &amp#27;[36mo.m.j.m.server.ErrorPacket&amp#27;[0;39m &amp#27;[33mError: 1054-42S22: Unknown column 'price' in 'WHERE'
&amp#27;[0;39m&amp#27;[32m[2025-06-08 22:03:26.865]&amp#27;[0;39m &amp#27;[35m[WARN ]&amp#27;[0;39m &amp#27;[31m[main]&amp#27;[0;39m &amp#27;[36mo.h.e.j.spi.SqlExceptionHelper&amp#27;[0;39m &amp#27;[33mSQL Error: 1054, SQLState: 42S22
&amp#27;[0;39m&amp#27;[32m[2025-06-08 22:03:26.866]&amp#27;[0;39m &amp#27;[35m[ERROR]&amp#27;[0;39m &amp#27;[1;31m[main]&amp#27;[0;39m &amp#27;[36mo.h.e.j.spi.SqlExceptionHelper&amp#27;[0;39m &amp#27;[33m(conn=83) Unknown column 'price' in 'WHERE'
&amp#27;[0;39m]]></system-out>
    <system-err><![CDATA[WARNING: A Java agent has been loaded dynamically (/Users/axis/.m2/repository/net/bytebuddy/byte-buddy-agent/1.14.18/byte-buddy-agent-1.14.18.jar)
WARNING: If a serviceability tool is in use, please run with -XX:+EnableDynamicAgentLoading to hide this warning
WARNING: If a serviceability tool is not in use, please run with -Djdk.instrument.traceUsage for more information
WARNING: Dynamic loading of agents will be disallowed by default in a future release
]]></system-err>
  </testcase>
</testsuite>